Build started 2/20/2014 3:00:43 PM.
     1>Project "C:\Users\gabe\Documents\Visual Studio 2010\Projects\find\find\find.vcxproj" on node 2 (build target(s)).
     1>InitializeBuildStatus:
         Creating "Debug\find.unsuccessfulbuild" because "AlwaysCreate" was specified.
       ClCompile:
         C:\Program Files (x86)\Microsoft Visual Studio 10.0\VC\bin\CL.exe /c /ZI /nologo /W3 /WX- /Od /Oy- /D WIN32 /D _DEBUG /D _CONSOLE /D _UNICODE /D UNICODE /Gm /EHsc /RTC1 /MDd /GS /fp:precise /Zc:wchar_t /Zc:forScope /Fo"Debug\\" /Fd"Debug\vc100.pdb" /Gd /TP /analyze- /errorReport:prompt find.cpp
         find.cpp
     1>c:\users\gabe\documents\visual studio 2010\projects\find\find\find.cpp(25): warning C4244: '=' : conversion from 'std::streamoff' to 'int', possible loss of data
     1>c:\users\gabe\documents\visual studio 2010\projects\find\find\find.cpp(64): warning C4018: '<' : signed/unsigned mismatch
     1>c:\users\gabe\documents\visual studio 2010\projects\find\find\find.cpp(74): warning C4996: 'strcpy': This function or variable may be unsafe. Consider using strcpy_s instead. To disable deprecation, use _CRT_SECURE_NO_WARNINGS. See online help for details.
                 c:\program files (x86)\microsoft visual studio 10.0\vc\include\string.h(105) : see declaration of 'strcpy'
     1>c:\users\gabe\documents\visual studio 2010\projects\find\find\find.cpp(79): warning C4018: '<' : signed/unsigned mismatch
     1>c:\users\gabe\documents\visual studio 2010\projects\find\find\find.cpp(94): warning C4996: 'strtok': This function or variable may be unsafe. Consider using strtok_s instead. To disable deprecation, use _CRT_SECURE_NO_WARNINGS. See online help for details.
                 c:\program files (x86)\microsoft visual studio 10.0\vc\include\string.h(197) : see declaration of 'strtok'
     1>c:\users\gabe\documents\visual studio 2010\projects\find\find\find.cpp(97): warning C4996: 'strtok': This function or variable may be unsafe. Consider using strtok_s instead. To disable deprecation, use _CRT_SECURE_NO_WARNINGS. See online help for details.
                 c:\program files (x86)\microsoft visual studio 10.0\vc\include\string.h(197) : see declaration of 'strtok'
     1>c:\users\gabe\documents\visual studio 2010\projects\find\find\find.cpp(100): warning C4996: 'strtok': This function or variable may be unsafe. Consider using strtok_s instead. To disable deprecation, use _CRT_SECURE_NO_WARNINGS. See online help for details.
                 c:\program files (x86)\microsoft visual studio 10.0\vc\include\string.h(197) : see declaration of 'strtok'
     1>c:\users\gabe\documents\visual studio 2010\projects\find\find\find.cpp(103): warning C4996: 'strtok': This function or variable may be unsafe. Consider using strtok_s instead. To disable deprecation, use _CRT_SECURE_NO_WARNINGS. See online help for details.
                 c:\program files (x86)\microsoft visual studio 10.0\vc\include\string.h(197) : see declaration of 'strtok'
     1>c:\users\gabe\documents\visual studio 2010\projects\find\find\find.cpp(109): warning C4018: '<' : signed/unsigned mismatch
     1>c:\users\gabe\documents\visual studio 2010\projects\find\find\find.cpp(145): warning C4018: '<' : signed/unsigned mismatch
       ManifestResourceCompile:
         All outputs are up-to-date.
       Link:
         C:\Program Files (x86)\Microsoft Visual Studio 10.0\VC\bin\link.exe /ERRORREPORT:PROMPT /OUT:"C:\Users\gabe\Documents\Visual Studio 2010\Projects\find\Debug\find.exe" /INCREMENTAL /NOLOGO kernel32.lib user32.lib gdi32.lib winspool.lib comdlg32.lib advapi32.lib shell32.lib ole32.lib oleaut32.lib uuid.lib odbc32.lib odbccp32.lib /MANIFEST /ManifestFile:"Debug\find.exe.intermediate.manifest" /MANIFESTUAC:"level='asInvoker' uiAccess='false'" /DEBUG /PDB:"C:\Users\gabe\Documents\Visual Studio 2010\Projects\find\Debug\find.pdb" /SUBSYSTEM:CONSOLE /TLBID:1 /DYNAMICBASE /NXCOMPAT /IMPLIB:"C:\Users\gabe\Documents\Visual Studio 2010\Projects\find\Debug\find.lib" /MACHINE:X86 Debug\find.exe.embed.manifest.res
         Debug\find.obj
       Manifest:
         C:\Program Files (x86)\Microsoft SDKs\Windows\v7.0A\bin\mt.exe /nologo /verbose /out:"Debug\find.exe.embed.manifest" /manifest Debug\find.exe.intermediate.manifest
         All outputs are up-to-date.
       LinkEmbedManifest:
         All outputs are up-to-date.
         find.vcxproj -> C:\Users\gabe\Documents\Visual Studio 2010\Projects\find\Debug\find.exe
       FinalizeBuildStatus:
         Deleting file "Debug\find.unsuccessfulbuild".
         Touching "Debug\find.lastbuildstate".
     1>Done Building Project "C:\Users\gabe\Documents\Visual Studio 2010\Projects\find\find\find.vcxproj" (build target(s)).

Build succeeded.

Time Elapsed 00:00:02.30
