Build started 2/20/2014 2:45:59 PM.
     1>Project "C:\Users\gabe\Documents\Visual Studio 2010\Projects\find\find\find.vcxproj" on node 2 (build target(s)).
     1>InitializeBuildStatus:
         Creating "Release\find.unsuccessfulbuild" because "AlwaysCreate" was specified.
       ClCompile:
         C:\Program Files (x86)\Microsoft Visual Studio 10.0\VC\bin\CL.exe /c /Zi /nologo /W3 /WX- /O2 /Oi /Oy- /GL /D WIN32 /D NDEBUG /D _CONSOLE /D _UNICODE /D UNICODE /Gm- /EHsc /MD /GS /Gy /fp:precise /Zc:wchar_t /Zc:forScope /Fo"Release\\" /Fd"Release\vc100.pdb" /Gd /TP /analyze- /errorReport:prompt find.cpp
         find.cpp
     1>find.cpp(25): warning C4244: '=' : conversion from 'std::streamoff' to 'int', possible loss of data
     1>find.cpp(64): warning C4018: '<' : signed/unsigned mismatch
     1>find.cpp(74): warning C4996: 'strcpy': This function or variable may be unsafe. Consider using strcpy_s instead. To disable deprecation, use _CRT_SECURE_NO_WARNINGS. See online help for details.
                 C:\Program Files (x86)\Microsoft Visual Studio 10.0\VC\include\string.h(105) : see declaration of 'strcpy'
     1>find.cpp(79): warning C4018: '<' : signed/unsigned mismatch
     1>find.cpp(94): warning C4996: 'strtok': This function or variable may be unsafe. Consider using strtok_s instead. To disable deprecation, use _CRT_SECURE_NO_WARNINGS. See online help for details.
                 C:\Program Files (x86)\Microsoft Visual Studio 10.0\VC\include\string.h(197) : see declaration of 'strtok'
     1>find.cpp(97): warning C4996: 'strtok': This function or variable may be unsafe. Consider using strtok_s instead. To disable deprecation, use _CRT_SECURE_NO_WARNINGS. See online help for details.
                 C:\Program Files (x86)\Microsoft Visual Studio 10.0\VC\include\string.h(197) : see declaration of 'strtok'
     1>find.cpp(100): warning C4996: 'strtok': This function or variable may be unsafe. Consider using strtok_s instead. To disable deprecation, use _CRT_SECURE_NO_WARNINGS. See online help for details.
                 C:\Program Files (x86)\Microsoft Visual Studio 10.0\VC\include\string.h(197) : see declaration of 'strtok'
     1>find.cpp(103): warning C4996: 'strtok': This function or variable may be unsafe. Consider using strtok_s instead. To disable deprecation, use _CRT_SECURE_NO_WARNINGS. See online help for details.
                 C:\Program Files (x86)\Microsoft Visual Studio 10.0\VC\include\string.h(197) : see declaration of 'strtok'
     1>find.cpp(109): warning C4018: '<' : signed/unsigned mismatch
     1>find.cpp(145): warning C4018: '<' : signed/unsigned mismatch
       Link:
         C:\Program Files (x86)\Microsoft Visual Studio 10.0\VC\bin\link.exe /ERRORREPORT:PROMPT /OUT:"C:\Users\gabe\Documents\Visual Studio 2010\Projects\find\Release\find.exe" /INCREMENTAL:NO /NOLOGO kernel32.lib user32.lib gdi32.lib winspool.lib comdlg32.lib advapi32.lib shell32.lib ole32.lib oleaut32.lib uuid.lib odbc32.lib odbccp32.lib /MANIFEST /ManifestFile:"Release\find.exe.intermediate.manifest" /MANIFESTUAC:"level='asInvoker' uiAccess='false'" /DEBUG /PDB:"C:\Users\gabe\Documents\Visual Studio 2010\Projects\find\Release\find.pdb" /SUBSYSTEM:CONSOLE /OPT:REF /OPT:ICF /LTCG /TLBID:1 /DYNAMICBASE /NXCOMPAT /IMPLIB:"C:\Users\gabe\Documents\Visual Studio 2010\Projects\find\Release\find.lib" /MACHINE:X86 Release\find.obj
         Generating code
         Finished generating code
         find.vcxproj -> C:\Users\gabe\Documents\Visual Studio 2010\Projects\find\Release\find.exe
       Manifest:
         C:\Program Files (x86)\Microsoft SDKs\Windows\v7.0A\bin\mt.exe /nologo /verbose /outputresource:"C:\Users\gabe\Documents\Visual Studio 2010\Projects\find\Release\find.exe;#1" /manifest Release\find.exe.intermediate.manifest
       FinalizeBuildStatus:
         Deleting file "Release\find.unsuccessfulbuild".
         Touching "Release\find.lastbuildstate".
     1>Done Building Project "C:\Users\gabe\Documents\Visual Studio 2010\Projects\find\find\find.vcxproj" (build target(s)).

Build succeeded.

Time Elapsed 00:00:02.12
